0 info it worked if it ends with ok
1 verbose cli [ 'node', '/usr/local/bin/npm', 'install', 'coinbse', '--save' ]
2 info using npm@1.4.28
3 info using node@v0.10.35
4 warn package.json Modulus-Depends@0.1.0 No repository field.
5 verbose readDependencies using package.json deps
6 verbose cache add [ 'coinbse', null ]
7 verbose cache add name=undefined spec="coinbse" args=["coinbse",null]
8 verbose parsed url { protocol: null,
8 verbose parsed url   slashes: null,
8 verbose parsed url   auth: null,
8 verbose parsed url   host: null,
8 verbose parsed url   port: null,
8 verbose parsed url   hostname: null,
8 verbose parsed url   hash: null,
8 verbose parsed url   search: null,
8 verbose parsed url   query: null,
8 verbose parsed url   pathname: 'coinbse',
8 verbose parsed url   path: 'coinbse',
8 verbose parsed url   href: 'coinbse' }
9 silly lockFile 33de56c6-coinbse coinbse
10 verbose lock coinbse /Users/alexwchen/.npm/33de56c6-coinbse.lock
11 silly lockFile 33de56c6-coinbse coinbse
12 silly lockFile 33de56c6-coinbse coinbse
13 verbose addNamed [ 'coinbse', '' ]
14 verbose addNamed [ null, '*' ]
15 silly lockFile 18a701d6-coinbse coinbse@
16 verbose lock coinbse@ /Users/alexwchen/.npm/18a701d6-coinbse.lock
17 silly addNameRange { name: 'coinbse', range: '*', hasData: false }
18 verbose request where is /coinbse
19 verbose request registry https://registry.npmjs.org/
20 verbose request id aac09061838c30d2
21 verbose url raw /coinbse
22 verbose url resolving [ 'https://registry.npmjs.org/', './coinbse' ]
23 verbose url resolved https://registry.npmjs.org/coinbse
24 verbose request where is https://registry.npmjs.org/coinbse
25 info trying registry request attempt 1 at 17:27:15
26 http GET https://registry.npmjs.org/coinbse
27 http 404 https://registry.npmjs.org/coinbse
28 verbose headers { date: 'Sun, 01 Mar 2015 01:27:15 GMT',
28 verbose headers   server: 'CouchDB/1.5.0 (Erlang OTP/R16B03)',
28 verbose headers   'content-type': 'application/json',
28 verbose headers   'cache-control': 'max-age=0',
28 verbose headers   'content-length': '52',
28 verbose headers   'accept-ranges': 'bytes',
28 verbose headers   via: '1.1 varnish',
28 verbose headers   age: '0',
28 verbose headers   'x-served-by': 'cache-lax1434-LAX',
28 verbose headers   'x-cache': 'MISS',
28 verbose headers   'x-cache-hits': '0',
28 verbose headers   'x-timer': 'S1425173235.634623,VS0,VE308',
28 verbose headers   'keep-alive': 'timeout=10, max=50',
28 verbose headers   connection: 'Keep-Alive' }
29 silly registry.get cb [ 404,
29 silly registry.get   { date: 'Sun, 01 Mar 2015 01:27:15 GMT',
29 silly registry.get     server: 'CouchDB/1.5.0 (Erlang OTP/R16B03)',
29 silly registry.get     'content-type': 'application/json',
29 silly registry.get     'cache-control': 'max-age=0',
29 silly registry.get     'content-length': '52',
29 silly registry.get     'accept-ranges': 'bytes',
29 silly registry.get     via: '1.1 varnish',
29 silly registry.get     age: '0',
29 silly registry.get     'x-served-by': 'cache-lax1434-LAX',
29 silly registry.get     'x-cache': 'MISS',
29 silly registry.get     'x-cache-hits': '0',
29 silly registry.get     'x-timer': 'S1425173235.634623,VS0,VE308',
29 silly registry.get     'keep-alive': 'timeout=10, max=50',
29 silly registry.get     connection: 'Keep-Alive' } ]
30 silly lockFile 18a701d6-coinbse coinbse@
31 silly lockFile 18a701d6-coinbse coinbse@
32 error 404 404 Not Found: coinbse
32 error 404
32 error 404 'coinbse' is not in the npm registry.
32 error 404 You should bug the author to publish it
32 error 404 It was specified as a dependency of 'Modulus-Depends'
32 error 404
32 error 404 Note that you can also install from a
32 error 404 tarball, folder, or http url, or git url.
33 error System Darwin 14.1.0
34 error command "node" "/usr/local/bin/npm" "install" "coinbse" "--save"
35 error cwd /Users/alexwchen/Desktop/modulus/modulus-demo
36 error node -v v0.10.35
37 error npm -v 1.4.28
38 error code E404
39 verbose exit [ 1, true ]
